<?xml version="1.0" encoding="UTF-8"?>
<!-- Generated by org.testng.reporters.JUnitReportReporter -->
<testsuite hostname="ruhul" failures="0" tests="2" name="pagesTest.HomePageTest" time="10.699" errors="0" timestamp="2023-11-22T18:15:36 EST" skipped="0">
  <testcase classname="pagesTest.HomePageTest" name="clickLoginButtonTest" time="8.233"/>
  <testcase classname="pagesTest.HomePageTest" name="use_of_getTitle_method" time="2.466"/>
</testsuite> <!-- pagesTest.HomePageTest -->
